#
# There is insufficient memory for the Java Runtime Environment to continue.
# Native memory allocation (malloc) failed to allocate 1048576 bytes for AllocateHeap
# Possible reasons:
#   The system is out of physical RAM or swap space
#   In 32 bit mode, the process size limit was hit
# Possible solutions:
#   Reduce memory load on the system
#   Increase physical memory or swap space
#   Check if swap backing store is full
#   Use 64 bit Java on a 64 bit OS
#   Decrease Java heap size (-Xmx/-Xms)
#   Decrease number of Java threads
#   Decrease Java thread stack sizes (-Xss)
#   Set larger code cache with -XX:ReservedCodeCacheSize=
# This output file may be truncated or incomplete.
#
#  Out of Memory Error (memory/allocation.inline.hpp:61), pid=62072, tid=0x0000000000017e9c
#
# JRE version:  (8.0_191-b12) (build )
# Java VM: Java HotSpot(TM) 64-Bit Server VM (25.191-b12 mixed mode windows-amd64 compressed oops)
# Failed to write core dump. Minidumps are not enabled by default on client versions of Windows
#

---------------  T H R E A D  ---------------

Current thread (0x0000000002c4b000):  JavaThread "Unknown thread" [_thread_in_vm, id=97948, stack(0x0000000002b40000,0x0000000002c40000)]

Stack: [0x0000000002b40000,0x0000000002c40000]
[error occurred during error reporting (printing stack bounds), id 0xc0000005]

Native frames: (J=compiled Java code, j=interpreted, Vv=VM code, C=native code)


---------------  P R O C E S S  ---------------

Java Threads: ( => current thread )

Other Threads:

=>0x0000000002c4b000 (exited) JavaThread "Unknown thread" [_thread_in_vm, id=97948, stack(0x0000000002b40000,0x0000000002c40000)]

VM state:not at safepoint (normal execution)

VM Mutex/Monitor currently owned by a thread: None

Heap:
 PSYoungGen      total 76288K, used 1310K [0x000000076ae00000, 0x0000000770300000, 0x00000007c0000000)
  eden space 65536K, 2% used [0x000000076ae00000,0x000000076af47af0,0x000000076ee00000)
  from space 10752K, 0% used [0x000000076f880000,0x000000076f880000,0x0000000770300000)
  to   space 10752K, 0% used [0x000000076ee00000,0x000000076ee00000,0x000000076f880000)
 ParOldGen       total 175104K, used 0K [0x00000006c0a00000, 0x00000006cb500000, 0x000000076ae00000)
  object space 175104K, 0% used [0x00000006c0a00000,0x00000006c0a00000,0x00000006cb500000)
 Metaspace       used 786K, capacity 4480K, committed 4480K, reserved 1056768K
  class space    used 76K, capacity 384K, committed 384K, reserved 1048576K

Card table byte_map: [0x0000000012280000,0x0000000012a80000] byte_map_base: 0x000000000ec7b000

Marking Bits: (ParMarkBitMap*) 0x0000000055d33e30
 Begin Bits: [0x00000000137e0000, 0x00000000177b8000)
 End Bits:   [0x00000000177b8000, 0x000000001b790000)

Polling page: 0x0000000000d20000

CodeCache: size=245760Kb used=328Kb max_used=328Kb free=245431Kb
 bounds [0x0000000002ec0000, 0x0000000003130000, 0x0000000011ec0000]
 total_blobs=58 nmethods=0 adapters=38
 compilation: enabled

Compilation events (0 events):
No events

GC Heap History (0 events):
No events

Deoptimization events (0 events):
No events

Classes redefined (0 events):
No events

Internal exceptions (0 events):
No events

Events (10 events):
Event: 0.113 loading class java/lang/Short
Event: 0.114 loading class java/lang/Short done
Event: 0.114 loading class java/lang/Integer
Event: 0.114 loading class java/lang/Integer done
Event: 0.114 loading class java/lang/Long
Event: 0.114 loading class java/lang/Long done
Event: 0.115 loading class java/lang/NullPointerException
Event: 0.115 loading class java/lang/NullPointerException done
Event: 0.115 loading class java/lang/ArithmeticException
Event: 0.115 loading class java/lang/ArithmeticException done


Dynamic libraries:
0x00007ff78a700000 - 0x00007ff78a737000 	E:\Program Files\Java\jdk1.8.0_191\bin\java.exe
0x00007ffe50b50000 - 0x00007ffe50d45000 	C:\WINDOWS\SYSTEM32\ntdll.dll
0x00007ffe4f9d0000 - 0x00007ffe4fa8d000 	C:\WINDOWS\System32\KERNEL32.DLL
0x00007ffe4e5a0000 - 0x00007ffe4e869000 	C:\WINDOWS\System32\KERNELBASE.dll
0x00007ffe4fa90000 - 0x00007ffe4fb3c000 	C:\WINDOWS\System32\ADVAPI32.dll
0x00007ffe4fc30000 - 0x00007ffe4fcce000 	C:\WINDOWS\System32\msvcrt.dll
0x00007ffe4f930000 - 0x00007ffe4f9cc000 	C:\WINDOWS\System32\sechost.dll
0x00007ffe50570000 - 0x00007ffe5069b000 	C:\WINDOWS\System32\RPCRT4.dll
0x00007ffe506a0000 - 0x00007ffe50840000 	C:\WINDOWS\System32\USER32.dll
0x00007ffe4e360000 - 0x00007ffe4e382000 	C:\WINDOWS\System32\win32u.dll
0x00007ffe50850000 - 0x00007ffe5087a000 	C:\WINDOWS\System32\GDI32.dll
0x00007ffe4e390000 - 0x00007ffe4e49b000 	C:\WINDOWS\System32\gdi32full.dll
0x00007ffe4ea60000 - 0x00007ffe4eafd000 	C:\WINDOWS\System32\msvcp_win.dll
0x00007ffe4e4a0000 - 0x00007ffe4e5a0000 	C:\WINDOWS\System32\ucrtbase.dll
0x00007ffe4bc80000 - 0x00007ffe4bf1a000 	C:\WINDOWS\WinSxS\amd64_microsoft.windows.common-controls_6595b64144ccf1df_6.0.19041.844_none_ca00b6081b84eb1d\COMCTL32.dll
0x00007ffe50540000 - 0x00007ffe50570000 	C:\WINDOWS\System32\IMM32.DLL
0x00000000590b0000 - 0x0000000059182000 	E:\Program Files\Java\jdk1.8.0_191\jre\bin\msvcr100.dll
0x0000000055510000 - 0x0000000055db4000 	E:\Program Files\Java\jdk1.8.0_191\jre\bin\server\jvm.dll
0x00007ffe4f5f0000 - 0x00007ffe4f5f8000 	C:\WINDOWS\System32\PSAPI.DLL
0x00007ffe43350000 - 0x00007ffe43377000 	C:\WINDOWS\SYSTEM32\WINMM.dll
0x00007ffe4dfe0000 - 0x00007ffe4dfea000 	C:\WINDOWS\SYSTEM32\VERSION.dll
0x00007ffe3a4a0000 - 0x00007ffe3a4a9000 	C:\WINDOWS\SYSTEM32\WSOCK32.dll
0x00007ffe4f8c0000 - 0x00007ffe4f92b000 	C:\WINDOWS\System32\WS2_32.dll
0x0000000059070000 - 0x000000005907f000 	E:\Program Files\Java\jdk1.8.0_191\jre\bin\verify.dll
0x0000000059040000 - 0x0000000059069000 	E:\Program Files\Java\jdk1.8.0_191\jre\bin\java.dll
0x0000000058fd0000 - 0x0000000059005000 	E:\Program Files\Java\jdk1.8.0_191\jre\bin\jdwp.dll
0x0000000058fc0000 - 0x0000000058fc8000 	E:\Program Files\Java\jdk1.8.0_191\jre\bin\npt.dll
0x0000000058f90000 - 0x0000000058fb3000 	E:\Program Files\Java\jdk1.8.0_191\jre\bin\instrument.dll
0x0000000059020000 - 0x0000000059036000 	E:\Program Files\Java\jdk1.8.0_191\jre\bin\zip.dll

VM Arguments:
jvm_args: -agentlib:jdwp=transport=dt_socket,address=127.0.0.1:61171,suspend=y,server=n -Dvisualvm.id=427429722687000 -XX:TieredStopAtLevel=1 -Xverify:none -Dspring.output.ansi.enabled=always -Dcom.sun.management.jmxremote -Dspring.jmx.enabled=true -Dspring.liveBeansView.mbeanDomain -Dspring.application.admin.enabled=true -javaagent:C:\Users\Depp\.IntelliJIdea2019.3\system\captureAgent\debugger-agent.jar -Dfile.encoding=UTF-8 
java_command: com.example.orderservice.OrderServiceApplication
java_class_path (initial): E:\Program Files\Java\jdk1.8.0_191\jre\lib\charsets.jar;E:\Program Files\Java\jdk1.8.0_191\jre\lib\deploy.jar;E:\Program Files\Java\jdk1.8.0_191\jre\lib\ext\access-bridge-64.jar;E:\Program Files\Java\jdk1.8.0_191\jre\lib\ext\cldrdata.jar;E:\Program Files\Java\jdk1.8.0_191\jre\lib\ext\dnsns.jar;E:\Program Files\Java\jdk1.8.0_191\jre\lib\ext\jaccess.jar;E:\Program Files\Java\jdk1.8.0_191\jre\lib\ext\jfxrt.jar;E:\Program Files\Java\jdk1.8.0_191\jre\lib\ext\localedata.jar;E:\Program Files\Java\jdk1.8.0_191\jre\lib\ext\nashorn.jar;E:\Program Files\Java\jdk1.8.0_191\jre\lib\ext\sunec.jar;E:\Program Files\Java\jdk1.8.0_191\jre\lib\ext\sunjce_provider.jar;E:\Program Files\Java\jdk1.8.0_191\jre\lib\ext\sunmscapi.jar;E:\Program Files\Java\jdk1.8.0_191\jre\lib\ext\sunpkcs11.jar;E:\Program Files\Java\jdk1.8.0_191\jre\lib\ext\zipfs.jar;E:\Program Files\Java\jdk1.8.0_191\jre\lib\javaws.jar;E:\Program Files\Java\jdk1.8.0_191\jre\lib\jce.jar;E:\Program Files\Java\jdk1.8.0_191\jre\lib\jfr.jar;E:\Program Files\Java\jdk1.8.0_191\jre\lib\jfxswt.jar;E:\Program Files\Java\jdk1.8.0_191\jre\lib\jsse.jar;E:\Program Files\Java\jdk1.8.0_191\jre\lib\management-agent.jar;E:\Program Files\Java\jdk1.8.0_191\jre\lib\plugin.jar;E:\Program Files\Java\jdk1.8.0_191\jre\lib\resources.jar;E:\Program Files\Java\jdk1.8.0_191\jre\lib\rt.jar;E:\new_workspace\springcloud-example\seata-example\order-service\target\classes;E:\Program Files\.m2\repository\org\springframework\boot\spring-boot-starter\2.3.0.RELEASE\spring-boot-starter-2.3.0.RELEASE.jar;E:\Program Files\.m2\repository\org\springframework\boot\spring-boot\2.3.0.RELEASE\spring-boot-2.3.0.RELEASE.jar;E:\Program Files\.m2\repository\org\springframework\spring-context\5.2.6.RELEASE\spring-context-5.2.6.RELEASE.jar;E:\Program Files\.m2\repository\org\springframework\spring-expression\5.2.6.RELEASE\spring-expression-5.2.6.RELEASE.jar;E:\Program Files\.m2\repository\org\springframework\boot\spring-boot-autoconfigure\2.3.0.RELE
Launcher Type: SUN_STANDARD

Environment Variables:
JAVA_HOME=E:\Program Files\Java\jdk1.8.0_261
PATH=E:\Program Files\JetBrains\IntelliJ IDEA 2019.3.3\bin\;F:\app\Depp\product\11.2.0\dbhome_2\bin;F:\app\Depp\product\11.2.0\dbhome_1\bin;C:\oraclexe\app\oracle\product\11.2.0\server\bin;E:\Program Files\VanDyke Software\Clients\;C:\WINDOWS\system32;C:\WINDOWS;C:\WINDOWS\System32\Wbem;C:\WINDOWS\System32\WindowsPowerShell\v1.0\;E:\Program Files\Git\bin;E:\Program Files\apache-maven-3.5.4\bin;E:\Program Files\JetBrains\IntelliJ IDEA 2019.3.3\bin;E:\Program Files\Java\jdk1.8.0_261\bin;E:\Program Files\Git\cmd;C:\WINDOWS\System32\OpenSSH\;E:\tools\nexus-3.15.2-01-win64\nexus-3.15.2-01\bin;%ROCKET_HOME%\bin;C:\Program Files\MySQL\MySQL Shell 8.0\bin\;C:\Users\Depp\AppData\Local\Microsoft\WindowsApps;E:\Program Files\Fiddler;C:\Users\Depp\AppData\Local\GitHubDesktop\bin;C:\Users\Depp\AppData\Local\BypassRuntm;E:\Program Files\JetBrains\IntelliJ IDEA 2019.3.3\bin;;C:\Users\Depp\AppData\Local\Microsoft\WindowsApps;
USERNAME=Depp
OS=Windows_NT
PROCESSOR_IDENTIFIER=Intel64 Family 6 Model 60 Stepping 3, GenuineIntel



---------------  S Y S T E M  ---------------

OS: Windows 10.0 , 64 bit Build 19041 (10.0.19041.804)

CPU:total 8 (initial active 8) (4 cores per cpu, 2 threads per core) family 6 model 60 stepping 3, cmov, cx8, fxsr, mmx, sse, sse2, sse3, ssse3, sse4.1, sse4.2, popcnt, avx, avx2, aes, clmul, erms, lzcnt, ht, tsc, tscinvbit, bmi1, bmi2

Memory: 4k page, physical 16734584k(3799936k free), swap 27118032k(9148k free)

vm_info: Java HotSpot(TM) 64-Bit Server VM (25.191-b12) for windows-amd64 JRE (1.8.0_191-b12), built on Oct  6 2018 09:29:03 by "java_re" with MS VC++ 10.0 (VS2010)

time: Mon Mar 29 09:28:53 2021
elapsed time: 0 seconds (0d 0h 0m 0s)

