#
# There is insufficient memory for the Java Runtime Environment to continue.
# Native memory allocation (malloc) failed to allocate 22536 bytes for AllocateHeap
# Possible reasons:
#   The system is out of physical RAM or swap space
#   In 32 bit mode, the process size limit was hit
# Possible solutions:
#   Reduce memory load on the system
#   Increase physical memory or swap space
#   Check if swap backing store is full
#   Use 64 bit Java on a 64 bit OS
#   Decrease Java heap size (-Xmx/-Xms)
#   Decrease number of Java threads
#   Decrease Java thread stack sizes (-Xss)
#   Set larger code cache with -XX:ReservedCodeCacheSize=
# This output file may be truncated or incomplete.
#
#  Out of Memory Error (memory/allocation.inline.hpp:61), pid=69720, tid=0x000000000001147c
#
# JRE version: Java(TM) SE Runtime Environment (8.0_191-b12) (build 1.8.0_191-b12)
# Java VM: Java HotSpot(TM) 64-Bit Server VM (25.191-b12 mixed mode windows-amd64 compressed oops)
# Failed to write core dump. Minidumps are not enabled by default on client versions of Windows
#

---------------  T H R E A D  ---------------

Current thread (0x0000000023bfe800):  JavaThread "rpcDispatch_RMROLE_1_11_16" daemon [_thread_in_vm, id=70780, stack(0x000000002f910000,0x000000002fa10000)]

Stack: [0x000000002f910000,0x000000002fa10000]
[error occurred during error reporting (printing stack bounds), id 0xc0000005]

Native frames: (J=compiled Java code, j=interpreted, Vv=VM code, C=native code)

Java frames: (J=compiled Java code, j=interpreted, Vv=VM code)
v  ~RuntimeStub::monitorenter_nofpu Runtime1 stub
J 2509 C1 java.util.concurrent.ConcurrentHashMap.computeIfAbsent(Ljava/lang/Object;Ljava/util/function/Function;)Ljava/lang/Object; (493 bytes) @ 0x000000000302f4a7 [0x000000000302e640+0xe67]
J 6797 C1 io.seata.core.rpc.netty.AbstractNettyRemoting.doBeforeRpcHooks(Ljava/lang/String;Lio/seata/core/protocol/RpcMessage;)V (43 bytes) @ 0x000000000380fd3c [0x000000000380fc00+0x13c]
J 7096 C1 io.seata.core.rpc.netty.AbstractNettyRemoting.sendAsync(Lio/netty/channel/Channel;Lio/seata/core/protocol/RpcMessage;)V (130 bytes) @ 0x00000000038a7cfc [0x00000000038a7840+0x4bc]
j  io.seata.core.rpc.netty.AbstractNettyRemotingClient.sendAsyncResponse(Ljava/lang/String;Lio/seata/core/protocol/RpcMessage;Ljava/lang/Object;)V+24
j  io.seata.core.rpc.processor.client.RmBranchCommitProcessor.handleBranchCommit(Lio/seata/core/protocol/RpcMessage;Ljava/lang/String;Lio/seata/core/protocol/transaction/BranchCommitRequest;)V+63
j  io.seata.core.rpc.processor.client.RmBranchCommitProcessor.process(Lio/netty/channel/ChannelHandlerContext;Lio/seata/core/protocol/RpcMessage;)V+68
j  io.seata.core.rpc.netty.AbstractNettyRemoting.lambda$processMessage$2(Lio/seata/core/rpc/processor/Pair;Lio/netty/channel/ChannelHandlerContext;Lio/seata/core/protocol/RpcMessage;)V+9
j  io.seata.core.rpc.netty.AbstractNettyRemoting$$Lambda$799.run()V+12
j  java.util.concurrent.ThreadPoolExecutor.runWorker(Ljava/util/concurrent/ThreadPoolExecutor$Worker;)V+95
j  java.util.concurrent.ThreadPoolExecutor$Worker.run()V+5
j  io.netty.util.concurrent.FastThreadLocalRunnable.run()V+4
J 2398 C1 java.lang.Thread.run()V (17 bytes) @ 0x00000000030082b4 [0x0000000003008260+0x54]
v  ~StubRoutines::call_stub

---------------  P R O C E S S  ---------------

Java Threads: ( => current thread )
  0x000000002e3bf800 JavaThread "rpcDispatch_RMROLE_1_16_16" daemon [_thread_blocked, id=71152, stack(0x000000002fe10000,0x000000002ff10000)]
  0x0000000023bdf000 JavaThread "rpcDispatch_RMROLE_1_15_16" daemon [_thread_blocked, id=65728, stack(0x000000002fd10000,0x000000002fe10000)]
  0x0000000023bfd800 JavaThread "rpcDispatch_RMROLE_1_14_16" daemon [_thread_blocked, id=71156, stack(0x000000002fc10000,0x000000002fd10000)]
  0x0000000023bfd000 JavaThread "rpcDispatch_RMROLE_1_13_16" daemon [_thread_blocked, id=71560, stack(0x000000002fb10000,0x000000002fc10000)]
  0x0000000023bfc000 JavaThread "rpcDispatch_RMROLE_1_12_16" daemon [_thread_blocked, id=70892, stack(0x000000002fa10000,0x000000002fb10000)]
=>0x0000000023bfe800 JavaThread "rpcDispatch_RMROLE_1_11_16" daemon [_thread_in_vm, id=70780, stack(0x000000002f910000,0x000000002fa10000)]
  0x0000000023bfb800 JavaThread "rpcDispatch_RMROLE_1_10_16" daemon [_thread_blocked, id=57988, stack(0x000000002f810000,0x000000002f910000)]
  0x0000000023bf3800 JavaThread "rpcDispatch_RMROLE_1_9_16" daemon [_thread_blocked, id=70208, stack(0x000000002f710000,0x000000002f810000)]
  0x0000000023bfa800 JavaThread "rpcDispatch_RMROLE_1_8_16" daemon [_thread_blocked, id=70972, stack(0x000000002f610000,0x000000002f710000)]
  0x0000000023bf3000 JavaThread "rpcDispatch_RMROLE_1_7_16" daemon [_thread_blocked, id=67592, stack(0x000000002f510000,0x000000002f610000)]
  0x0000000023bfa000 JavaThread "rpcDispatch_RMROLE_1_6_16" daemon [_thread_blocked, id=59972, stack(0x000000002f410000,0x000000002f510000)]
  0x0000000023bf2000 JavaThread "rpcDispatch_RMROLE_1_5_16" daemon [_thread_blocked, id=71116, stack(0x000000002f310000,0x000000002f410000)]
  0x0000000023bf9000 JavaThread "Keep-Alive-Timer" daemon [_thread_blocked, id=61404, stack(0x0000000000630000,0x0000000000730000)]
  0x0000000023bf8800 JavaThread "rpcDispatch_RMROLE_1_4_16" daemon [_thread_blocked, id=70944, stack(0x000000002f210000,0x000000002f310000)]
  0x0000000023bf0800 JavaThread "rpcDispatch_RMROLE_1_3_16" daemon [_thread_blocked, id=64568, stack(0x000000002f110000,0x000000002f210000)]
  0x0000000023bf1800 JavaThread "rpcDispatch_RMROLE_1_2_16" daemon [_thread_blocked, id=64916, stack(0x000000002f010000,0x000000002f110000)]
  0x0000000023bf6800 JavaThread "rpcDispatch_RMROLE_1_1_16" daemon [_thread_blocked, id=70916, stack(0x000000002ef10000,0x000000002f010000)]
  0x0000000023bf7800 JavaThread "XNIO-1 task-64" [_thread_blocked, id=57096, stack(0x000000002dc40000,0x000000002dd40000)]
  0x0000000023bef000 JavaThread "XNIO-1 task-63" [_thread_blocked, id=66608, stack(0x000000002db40000,0x000000002dc40000)]
  0x0000000023bf6000 JavaThread "XNIO-1 task-62" [_thread_blocked, id=66808, stack(0x000000002da40000,0x000000002db40000)]
  0x0000000023bf0000 JavaThread "XNIO-1 task-61" [_thread_blocked, id=70676, stack(0x000000002d940000,0x000000002da40000)]
  0x0000000023bf4800 JavaThread "XNIO-1 task-60" [_thread_blocked, id=67968, stack(0x000000002d840000,0x000000002d940000)]
  0x0000000023bf5000 JavaThread "XNIO-1 task-59" [_thread_blocked, id=71032, stack(0x000000002d740000,0x000000002d840000)]
  0x000000001f575000 JavaThread "XNIO-1 task-58" [_thread_blocked, id=71000, stack(0x000000002d640000,0x000000002d740000)]
  0x000000001f572000 JavaThread "XNIO-1 task-57" [_thread_blocked, id=70932, stack(0x000000002d540000,0x000000002d640000)]
  0x000000001f579000 JavaThread "XNIO-1 task-56" [_thread_blocked, id=70928, stack(0x000000002d440000,0x000000002d540000)]
  0x000000001f574000 JavaThread "XNIO-1 task-55" [_thread_blocked, id=70372, stack(0x000000002d340000,0x000000002d440000)]
  0x000000001f571000 JavaThread "XNIO-1 task-54" [_thread_blocked, id=70900, stack(0x000000002cf40000,0x000000002d040000)]
  0x000000001f573800 JavaThread "XNIO-1 task-53" [_thread_blocked, id=70872, stack(0x000000002ce40000,0x000000002cf40000)]
  0x000000001f575800 JavaThread "XNIO-1 task-52" [_thread_in_native, id=70600, stack(0x000000002cd40000,0x000000002ce40000)]
  0x000000001f577000 JavaThread "XNIO-1 task-51" [_thread_blocked, id=68700, stack(0x000000002cc40000,0x000000002cd40000)]
  0x000000001f578000 JavaThread "XNIO-1 task-50" [_thread_blocked, id=71024, stack(0x000000002cb40000,0x000000002cc40000)]
  0x000000001f576800 JavaThread "XNIO-1 task-49" [_thread_blocked, id=71020, stack(0x000000002ca40000,0x000000002cb40000)]
  0x000000001f56c000 JavaThread "XNIO-1 task-48" [_thread_blocked, id=71012, stack(0x000000002c940000,0x000000002ca40000)]
  0x000000001f572800 JavaThread "XNIO-1 task-47" [_thread_blocked, id=70804, stack(0x000000002c840000,0x000000002c940000)]
  0x000000001f569800 JavaThread "XNIO-1 task-46" [_thread_blocked, id=70984, stack(0x000000002c740000,0x000000002c840000)]
  0x000000001f56d800 JavaThread "XNIO-1 task-45" [_thread_blocked, id=70960, stack(0x000000002c640000,0x000000002c740000)]
  0x000000001f56c800 JavaThread "XNIO-1 task-44" [_thread_blocked, id=70880, stack(0x000000002c540000,0x000000002c640000)]
  0x000000001f56f800 JavaThread "XNIO-1 task-43" [_thread_blocked, id=71212, stack(0x000000002c440000,0x000000002c540000)]
  0x000000001f56a800 JavaThread "XNIO-1 task-42" [_thread_blocked, id=71204, stack(0x000000002c340000,0x000000002c440000)]
  0x000000001f570800 JavaThread "XNIO-1 task-41" [_thread_blocked, id=70536, stack(0x000000002c240000,0x000000002c340000)]
  0x000000001f56e000 JavaThread "XNIO-1 task-40" [_thread_in_native, id=61836, stack(0x000000002c140000,0x000000002c240000)]
  0x000000001f56f000 JavaThread "XNIO-1 task-39" [_thread_blocked, id=70100, stack(0x000000002c040000,0x000000002c140000)]
  0x000000001f56b000 JavaThread "XNIO-1 task-38" [_thread_blocked, id=61624, stack(0x000000002bf40000,0x000000002c040000)]
  0x00000000239b5800 JavaThread "XNIO-1 task-37" [_thread_blocked, id=70884, stack(0x000000002be40000,0x000000002bf40000)]
  0x00000000239b4800 JavaThread "XNIO-1 task-36" [_thread_blocked, id=65748, stack(0x000000002bd40000,0x000000002be40000)]
  0x00000000239b1800 JavaThread "XNIO-1 task-35" [_thread_blocked, id=16940, stack(0x000000002bc40000,0x000000002bd40000)]
  0x00000000239b3000 JavaThread "XNIO-1 task-34" [_thread_blocked, id=55452, stack(0x000000002bb40000,0x000000002bc40000)]
  0x00000000239b1000 JavaThread "XNIO-1 task-33" [_thread_blocked, id=70896, stack(0x000000002ba40000,0x000000002bb40000)]
  0x00000000239b4000 JavaThread "XNIO-1 task-32" [_thread_blocked, id=61060, stack(0x000000002b940000,0x000000002ba40000)]
  0x00000000239b2800 JavaThread "XNIO-1 task-31" [_thread_blocked, id=70784, stack(0x000000002b840000,0x000000002b940000)]
  0x00000000239b0000 JavaThread "XNIO-1 task-30" [_thread_blocked, id=20924, stack(0x000000002b740000,0x000000002b840000)]
  0x00000000239a8800 JavaThread "XNIO-1 task-29" [_thread_blocked, id=71272, stack(0x000000002b640000,0x000000002b740000)]
  0x00000000239af800 JavaThread "XNIO-1 task-28" [_thread_blocked, id=71252, stack(0x000000002b540000,0x000000002b640000)]
  0x00000000239ae800 JavaThread "XNIO-1 task-27" [_thread_blocked, id=71316, stack(0x000000002b440000,0x000000002b540000)]
  0x00000000239ae000 JavaThread "XNIO-1 task-26" [_thread_blocked, id=69052, stack(0x000000002b340000,0x000000002b440000)]
  0x00000000239ab000 JavaThread "XNIO-1 task-25" [_thread_blocked, id=71344, stack(0x000000002b240000,0x000000002b340000)]
  0x00000000239ac800 JavaThread "XNIO-1 task-24" [_thread_blocked, id=49724, stack(0x000000002b040000,0x000000002b140000)]
  0x00000000239a9800 JavaThread "XNIO-1 task-23" [_thread_blocked, id=71452, stack(0x000000002af40000,0x000000002b040000)]
  0x00000000239a7000 JavaThread "Druid-ConnectionPool-Destroy-1429145978" daemon [_thread_blocked, id=68040, stack(0x000000002ac40000,0x000000002ad40000)]
  0x00000000239ab800 JavaThread "Druid-ConnectionPool-Create-1429145978" daemon [_thread_blocked, id=51528, stack(0x000000002ab40000,0x000000002ac40000)]
  0x00000000239ad000 JavaThread "Abandoned connection cleanup thread" daemon [_thread_blocked, id=69844, stack(0x000000002aa40000,0x000000002ab40000)]
  0x00000000239a8000 JavaThread "XNIO-1 task-22" [_thread_blocked, id=71420, stack(0x000000002a940000,0x000000002aa40000)]
  0x00000000239a6800 JavaThread "XNIO-1 task-21" [_thread_blocked, id=70812, stack(0x000000002a840000,0x000000002a940000)]
  0x00000000239aa000 JavaThread "XNIO-1 task-19" [_thread_blocked, id=67372, stack(0x000000002a740000,0x000000002a840000)]
  0x0000000023b99800 JavaThread "XNIO-1 task-20" [_thread_blocked, id=66208, stack(0x000000002a640000,0x000000002a740000)]
  0x0000000023be6800 JavaThread "XNIO-1 task-18" [_thread_blocked, id=70864, stack(0x000000002a540000,0x000000002a640000)]
  0x0000000023be6000 JavaThread "XNIO-1 task-17" [_thread_blocked, id=71040, stack(0x000000002a440000,0x000000002a540000)]
  0x0000000023be5000 JavaThread "XNIO-1 task-15" [_thread_blocked, id=71572, stack(0x000000002a340000,0x000000002a440000)]
  0x0000000023be4800 JavaThread "XNIO-1 task-16" [_thread_blocked, id=8820, stack(0x000000002a240000,0x000000002a340000)]
  0x0000000023be9800 JavaThread "XNIO-1 task-10" [_thread_blocked, id=15480, stack(0x000000002a140000,0x000000002a240000)]
  0x0000000023be7800 JavaThread "XNIO-1 task-12" [_thread_blocked, id=21500, stack(0x000000002a040000,0x000000002a140000)]
  0x0000000023be3800 JavaThread "XNIO-1 task-14" [_thread_blocked, id=11732, stack(0x0000000029f40000,0x000000002a040000)]
  0x0000000023be9000 JavaThread "XNIO-1 task-7" [_thread_blocked, id=18116, stack(0x0000000029e40000,0x0000000029f40000)]
  0x0000000023be8000 JavaThread "XNIO-1 task-6" [_thread_blocked, id=20904, stack(0x0000000029d40000,0x0000000029e40000)]
  0x0000000023bdc000 JavaThread "XNIO-1 task-13" [_thread_blocked, id=3688, stack(0x0000000029c40000,0x0000000029d40000)]
  0x0000000023bdd800 JavaThread "XNIO-1 task-9" [_thread_blocked, id=20848, stack(0x0000000029b40000,0x0000000029c40000)]
  0x0000000023be3000 JavaThread "XNIO-1 task-11" [_thread_blocked, id=20884, stack(0x0000000029a40000,0x0000000029b40000)]
  0x0000000023bdb800 JavaThread "XNIO-1 task-4" [_thread_blocked, id=71552, stack(0x0000000029940000,0x0000000029a40000)]
  0x0000000023be2000 JavaThread "XNIO-1 task-5" [_thread_blocked, id=21000, stack(0x0000000029840000,0x0000000029940000)]
  0x0000000023bde800 JavaThread "XNIO-1 task-2" [_thread_blocked, id=18148, stack(0x0000000029740000,0x0000000029840000)]
  0x0000000023bdd000 JavaThread "XNIO-1 task-3" [_thread_blocked, id=19828, stack(0x0000000029640000,0x0000000029740000)]
  0x0000000023be0800 JavaThread "XNIO-1 task-8" [_thread_blocked, id=19028, stack(0x0000000029540000,0x0000000029640000)]
  0x0000000023be1800 JavaThread "XNIO-1 task-1" [_thread_blocked, id=20072, stack(0x0000000029440000,0x0000000029540000)]
  0x0000000023be0000 JavaThread "logback-8" daemon [_thread_blocked, id=70232, stack(0x0000000029140000,0x0000000029240000)]
  0x0000000023bda800 JavaThread "logback-7" daemon [_thread_blocked, id=71364, stack(0x0000000029040000,0x0000000029140000)]
  0x0000000020df6000 JavaThread "logback-6" daemon [_thread_blocked, id=70876, stack(0x0000000028f40000,0x0000000029040000)]
  0x0000000023ba2800 JavaThread "com.alibaba.nacos.client.Worker.longPolling.fixed-localhost_8848" daemon [_thread_blocked, id=70848, stack(0x0000000028e40000,0x0000000028f40000)]
  0x0000000023ba1800 JavaThread "logback-5" daemon [_thread_blocked, id=71176, stack(0x0000000028d40000,0x0000000028e40000)]
  0x0000000023ba1000 JavaThread "com.alibaba.nacos.client.Worker.longPolling.fixed-localhost_8848" daemon [_thread_blocked, id=71164, stack(0x0000000021050000,0x0000000021150000)]
  0x0000000023ba0000 JavaThread "logback-4" daemon [_thread_blocked, id=1968, stack(0x0000000028c40000,0x0000000028d40000)]
  0x0000000023b94000 JavaThread "com.alibaba.nacos.client.Worker.longPolling.fixed-localhost_8848" daemon [_thread_blocked, id=69148, stack(0x0000000027330000,0x0000000027430000)]
  0x0000000023b9f800 JavaThread "NettyClientSelector_TMROLE_1_1" daemon [_thread_in_native, id=69344, stack(0x0000000023450000,0x0000000023550000)]
  0x0000000023b9e800 JavaThread "logback-3" daemon [_thread_blocked, id=69928, stack(0x0000000000830000,0x0000000000930000)]
  0x0000000023ba3000 JavaThread "com.alibaba.nacos.client.Worker.longPolling.fixed-localhost_8848" daemon [_thread_blocked, id=68544, stack(0x0000000000730000,0x0000000000830000)]
  0x0000000023b9d000 JavaThread "logback-2" daemon [_thread_blocked, id=61772, stack(0x0000000027b30000,0x0000000027c30000)]
  0x0000000023b9e000 JavaThread "com.alibaba.nacos.client.Worker.longPolling.fixed-localhost_8848" daemon [_thread_blocked, id=67256, stack(0x0000000027a30000,0x0000000027b30000)]
  0x0000000023b95800 JavaThread "com.alibaba.nacos.client.Worker.longPolling.fixed-localhost_8848" daemon [_thread_blocked, id=64440, stack(0x0000000027930000,0x0000000027a30000)]
  0x0000000023b9c800 JavaThread "com.alibaba.nacos.client.naming.updater" daemon [_thread_blocked, id=68116, stack(0x0000000027830000,0x0000000027930000)]
  0x0000000023b9b800 JavaThread "com.alibaba.nacos.naming.beat.sender" daemon [_thread_blocked, id=61580, stack(0x0000000027130000,0x0000000027230000)]
  0x0000000023b9b000 JavaThread "com.alibaba.nacos.client.naming.updater" daemon [_thread_blocked, id=64000, stack(0x0000000027530000,0x0000000027630000)]
  0x0000000023b9a000 JavaThread "com.alibaba.nacos.naming.beat.sender" daemon [_thread_blocked, id=59956, stack(0x0000000027430000,0x0000000027530000)]
  0x0000000023b97800 JavaThread "DestroyJavaVM" [_thread_blocked, id=58324, stack(0x00000000026a0000,0x00000000027a0000)]
  0x0000000023b97000 JavaThread "com.alibaba.nacos.naming.beat.sender" daemon [_thread_blocked, id=63392, stack(0x0000000027230000,0x0000000027330000)]
  0x0000000023b98800 JavaThread "com.alibaba.nacos.naming.beat.sender" daemon [_thread_blocked, id=65196, stack(0x0000000027030000,0x0000000027130000)]
  0x0000000023b96000 JavaThread "XNIO-1 Accept" [_thread_in_native, id=58668, stack(0x0000000026f30000,0x0000000027030000)]
  0x0000000023b94800 JavaThread "XNIO-1 I/O-8" [_thread_in_native, id=59732, stack(0x0000000026e30000,0x0000000026f30000)]
  0x000000002096a000 JavaThread "XNIO-1 I/O-7" [_thread_in_native, id=61260, stack(0x0000000026d30000,0x0000000026e30000)]
  0x0000000020e00800 JavaThread "XNIO-1 I/O-6" [_thread_in_native, id=63568, stack(0x0000000026c30000,0x0000000026d30000)]
  0x0000000020dff800 JavaThread "XNIO-1 I/O-5" [_thread_in_native, id=57764, stack(0x0000000026b30000,0x0000000026c30000)]
  0x0000000020dff000 JavaThread "XNIO-1 I/O-4" [_thread_in_native, id=68264, stack(0x0000000026a30000,0x0000000026b30000)]
  0x0000000020dfe000 JavaThread "XNIO-1 I/O-3" [_thread_in_native, id=67960, stack(0x0000000026930000,0x0000000026a30000)]
  0x0000000020dfd800 JavaThread "XNIO-1 I/O-2" [_thread_in_native, id=63824, stack(0x0000000026830000,0x0000000026930000)]
  0x0000000020dfc800 JavaThread "XNIO-1 I/O-1" [_thread_in_native, id=63732, stack(0x0000000026730000,0x0000000026830000)]
  0x0000000020df5000 JavaThread "ThreadPoolTaskScheduler-1" [_thread_blocked, id=70524, stack(0x0000000026630000,0x0000000026730000)]
  0x0000000020dfa800 JavaThread "com.alibaba.nacos.naming.push.receiver" daemon [_thread_in_native, id=63304, stack(0x0000000026330000,0x0000000026430000)]
  0x0000000020dfb000 JavaThread "com.alibaba.nacos.naming.failover" daemon [_thread_blocked, id=56008, stack(0x0000000026230000,0x0000000026330000)]
  0x0000000020df9800 JavaThread "com.alibaba.nacos.naming.client.listener" daemon [_thread_blocked, id=69216, stack(0x0000000026130000,0x0000000026230000)]
  0x0000000020df3000 JavaThread "spring.cloud.inetutils" daemon [_thread_blocked, id=70256, stack(0x0000000022850000,0x0000000022950000)]
  0x0000000020df4800 JavaThread "NettyClientSelector_RMROLE_1_1" daemon [_thread_in_native, id=67280, stack(0x0000000024e20000,0x0000000024f20000)]
  0x0000000020df8000 JavaThread "com.alibaba.nacos.client.naming.updater" daemon [_thread_blocked, id=68284, stack(0x0000000024d20000,0x0000000024e20000)]
  0x0000000020df3800 JavaThread "com.alibaba.nacos.client.naming.updater" daemon [_thread_blocked, id=70612, stack(0x0000000024a20000,0x0000000024b20000)]
  0x0000000020df9000 JavaThread "com.alibaba.nacos.naming.push.receiver" daemon [_thread_in_native, id=67452, stack(0x0000000024920000,0x0000000024a20000)]
  0x0000000020df1800 JavaThread "com.alibaba.nacos.naming.failover" daemon [_thread_blocked, id=61688, stack(0x0000000024820000,0x0000000024920000)]
  0x0000000020df2000 JavaThread "com.alibaba.nacos.naming.client.listener" daemon [_thread_blocked, id=67308, stack(0x0000000024720000,0x0000000024820000)]
  0x0000000020df6800 JavaThread "timeoutChecker_2_1" daemon [_thread_blocked, id=69520, stack(0x0000000022f50000,0x0000000023050000)]
  0x0000000020969000 JavaThread "AsyncWorker_1_1" daemon [_thread_blocked, id=64832, stack(0x0000000022e50000,0x0000000022f50000)]
  0x0000000020968800 JavaThread "timeoutChecker_1_1" daemon [_thread_blocked, id=67428, stack(0x0000000022d50000,0x0000000022e50000)]
  0x000000002096d800 JavaThread "com.alibaba.nacos.client.Worker.longPolling.fixed-localhost_8848" daemon [_thread_blocked, id=62220, stack(0x0000000022a50000,0x0000000022b50000)]
  0x000000002096d000 JavaThread "com.alibaba.nacos.client.Worker.longPolling.fixed-localhost_8848" daemon [_thread_in_native, id=64888, stack(0x0000000022950000,0x0000000022a50000)]
  0x000000002096b800 JavaThread "com.alibaba.nacos.client.Worker.fixed-localhost_8848" daemon [_thread_blocked, id=66828, stack(0x0000000022450000,0x0000000022550000)]
  0x000000002096a800 JavaThread "Timer-0" daemon [_thread_blocked, id=70548, stack(0x0000000022350000,0x0000000022450000)]
  0x000000002096c000 JavaThread "logback-1" daemon [_thread_blocked, id=63252, stack(0x0000000021d50000,0x0000000021e50000)]
  0x000000002096f000 JavaThread "configOperate_1_1_2" daemon [_thread_blocked, id=68728, stack(0x0000000021a50000,0x0000000021b50000)]
  0x00000000203d4800 JavaThread "RMI Scheduler(0)" daemon [_thread_blocked, id=65436, stack(0x0000000021550000,0x0000000021650000)]
  0x000000001f51e000 JavaThread "RMI TCP Accept-0" daemon [_thread_in_native, id=67504, stack(0x000000001fbd0000,0x000000001fcd0000)]
  0x000000001f2a2000 JavaThread "Service Thread" daemon [_thread_blocked, id=5468, stack(0x000000001fad0000,0x000000001fbd0000)]
  0x000000001f1f9800 JavaThread "C1 CompilerThread3" daemon [_thread_blocked, id=67512, stack(0x000000001f9d0000,0x000000001fad0000)]
  0x000000001f1f8800 JavaThread "C2 CompilerThread2" daemon [_thread_blocked, id=68780, stack(0x000000001f8d0000,0x000000001f9d0000)]
  0x000000001f1f8000 JavaThread "C2 CompilerThread1" daemon [_thread_blocked, id=53244, stack(0x000000001f7d0000,0x000000001f8d0000)]
  0x000000001e7ce800 JavaThread "C2 CompilerThread0" daemon [_thread_blocked, id=61904, stack(0x000000001f6d0000,0x000000001f7d0000)]
  0x000000001e483800 JavaThread "JDWP Command Reader" daemon [_thread_in_native, id=68072, stack(0x000000001edd0000,0x000000001eed0000)]
  0x000000001e482800 JavaThread "JDWP Event Helper Thread" daemon [_thread_blocked, id=68372, stack(0x000000001ecd0000,0x000000001edd0000)]
  0x000000001e480800 JavaThread "JDWP Transport Listener: dt_socket" daemon [_thread_blocked, id=64932, stack(0x000000001ebd0000,0x000000001ecd0000)]
  0x000000001e46b800 JavaThread "Attach Listener" daemon [_thread_blocked, id=65692, stack(0x000000001ead0000,0x000000001ebd0000)]
  0x000000001e416000 JavaThread "Signal Dispatcher" daemon [_thread_blocked, id=67396, stack(0x000000001e9d0000,0x000000001ead0000)]
  0x000000001e3f0800 JavaThread "Finalizer" daemon [_thread_blocked, id=59060, stack(0x000000001e8d0000,0x000000001e9d0000)]
  0x000000001c5d0000 JavaThread "Reference Handler" daemon [_thread_blocked, id=67564, stack(0x000000001e7d0000,0x000000001e8d0000)]

Other Threads:
  0x000000001c5c7800 VMThread [stack: 0x000000001e2d0000,0x000000001e3d0000] [id=69976]
  0x000000001f531000 WatcherThread [stack: 0x000000001fcd0000,0x000000001fdd0000] [id=69984]

VM state:not at safepoint (normal execution)

VM Mutex/Monitor currently owned by a thread: None

Heap:
 PSYoungGen      total 214016K, used 207335K [0x000000076ae00000, 0x0000000779c00000, 0x00000007c0000000)
  eden space 201728K, 96% used [0x000000076ae00000,0x0000000776cf66a8,0x0000000777300000)
  from space 12288K, 95% used [0x0000000778080000,0x0000000778c03928,0x0000000778c80000)
  to   space 13824K, 0% used [0x0000000777300000,0x0000000777300000,0x0000000778080000)
 ParOldGen       total 146432K, used 15979K [0x00000006c0a00000, 0x00000006c9900000, 0x000000076ae00000)
  object space 146432K, 10% used [0x00000006c0a00000,0x00000006c199aca8,0x00000006c9900000)
 Metaspace       used 53014K, capacity 56318K, committed 56616K, reserved 1097728K
  class space    used 6847K, capacity 7372K, committed 7472K, reserved 1048576K

Card table byte_map: [0x0000000011ed0000,0x00000000126d0000] byte_map_base: 0x000000000e8cb000

Marking Bits: (ParMarkBitMap*) 0x0000000052293e30
 Begin Bits: [0x0000000013430000, 0x0000000017408000)
 End Bits:   [0x0000000017408000, 0x000000001b3e0000)

Polling page: 0x00000000009b0000

CodeCache: size=245760Kb used=14132Kb max_used=14132Kb free=231627Kb
 bounds [0x0000000002b10000, 0x00000000038f0000, 0x0000000011b10000]
 total_blobs=7688 nmethods=7078 adapters=526
 compilation: disabled (not enough contiguous free space left)

Compilation events (10 events):
Event: 223.326 Thread 0x000000001f1f9800 7200   !   1       com.alibaba.druid.pool.DruidPooledPreparedStatement::execute (68 bytes)
Event: 223.327 Thread 0x000000001f1f9800 nmethod 7200 0x00000000038de610 code [0x00000000038de800, 0x00000000038dec48]
Event: 223.327 Thread 0x000000001f1f9800 7204       1       com.alibaba.druid.pool.DruidAbstractDataSource::getTransactionQueryTimeout (17 bytes)
Event: 223.327 Thread 0x000000001f1f9800 nmethod 7204 0x00000000038df150 code [0x00000000038df2a0, 0x00000000038df3d0]
Event: 223.327 Thread 0x000000001f1f9800 7202       1       org.apache.ibatis.session.Configuration::newParameterHandler (31 bytes)
Event: 223.328 Thread 0x000000001f1f9800 nmethod 7202 0x00000000038df450 code [0x00000000038df5c0, 0x00000000038df7b8]
Event: 223.328 Thread 0x000000001f1f9800 7203       1       com.baomidou.mybatisplus.core.MybatisXMLLanguageDriver::createParameterHandler (8 bytes)
Event: 223.328 Thread 0x000000001f1f9800 nmethod 7203 0x00000000038df910 code [0x00000000038dfa80, 0x00000000038dfc48]
Event: 223.329 Thread 0x000000001f1f9800 7205       1       org.springframework.http.HttpHeaders::<init> (16 bytes)
Event: 223.341 Thread 0x000000001f1f9800 


GC Heap History (10 events):
Event: 6.153 GC heap before
{Heap before GC invocations=6 (full 1):
 PSYoungGen      total 119808K, used 119322K [0x000000076ae00000, 0x0000000773c80000, 0x00000007c0000000)
  eden space 115712K, 100% used [0x000000076ae00000,0x0000000771f00000,0x0000000771f00000)
  from space 4096K, 88% used [0x0000000773880000,0x0000000773c06a90,0x0000000773c80000)
  to   space 10752K, 0% used [0x0000000772780000,0x0000000772780000,0x0000000773200000)
 ParOldGen       total 86016K, used 5852K [0x00000006c0a00000, 0x00000006c5e00000, 0x000000076ae00000)
  object space 86016K, 6% used [0x00000006c0a00000,0x00000006c0fb7180,0x00000006c5e00000)
 Metaspace       used 21592K, capacity 22570K, committed 22832K, reserved 1069056K
  class space    used 2819K, capacity 3061K, committed 3120K, reserved 1048576K
Event: 6.156 GC heap after
Heap after GC invocations=6 (full 1):
 PSYoungGen      total 135168K, used 2843K [0x000000076ae00000, 0x0000000778c80000, 0x00000007c0000000)
  eden space 124416K, 0% used [0x000000076ae00000,0x000000076ae00000,0x0000000772780000)
  from space 10752K, 26% used [0x0000000772780000,0x0000000772a46cb0,0x0000000773200000)
  to   space 12288K, 0% used [0x0000000778080000,0x0000000778080000,0x0000000778c80000)
 ParOldGen       total 86016K, used 5860K [0x00000006c0a00000, 0x00000006c5e00000, 0x000000076ae00000)
  object space 86016K, 6% used [0x00000006c0a00000,0x00000006c0fb9180,0x00000006c5e00000)
 Metaspace       used 21592K, capacity 22570K, committed 22832K, reserved 1069056K
  class space    used 2819K, capacity 3061K, committed 3120K, reserved 1048576K
}
Event: 7.194 GC heap before
{Heap before GC invocations=7 (full 1):
 PSYoungGen      total 135168K, used 127259K [0x000000076ae00000, 0x0000000778c80000, 0x00000007c0000000)
  eden space 124416K, 100% used [0x000000076ae00000,0x0000000772780000,0x0000000772780000)
  from space 10752K, 26% used [0x0000000772780000,0x0000000772a46cb0,0x0000000773200000)
  to   space 12288K, 0% used [0x0000000778080000,0x0000000778080000,0x0000000778c80000)
 ParOldGen       total 86016K, used 5860K [0x00000006c0a00000, 0x00000006c5e00000, 0x000000076ae00000)
  object space 86016K, 6% used [0x00000006c0a00000,0x00000006c0fb9180,0x00000006c5e00000)
 Metaspace       used 28705K, capacity 29912K, committed 30256K, reserved 1075200K
  class space    used 3759K, capacity 4020K, committed 4144K, reserved 1048576K
Event: 7.205 GC heap after
Heap after GC invocations=7 (full 1):
 PSYoungGen      total 214016K, used 10457K [0x000000076ae00000, 0x0000000779c00000, 0x00000007c0000000)
  eden space 201728K, 0% used [0x000000076ae00000,0x000000076ae00000,0x0000000777300000)
  from space 12288K, 85% used [0x0000000778080000,0x0000000778ab6558,0x0000000778c80000)
  to   space 13824K, 0% used [0x0000000777300000,0x0000000777300000,0x0000000778080000)
 ParOldGen       total 86016K, used 5932K [0x00000006c0a00000, 0x00000006c5e00000, 0x000000076ae00000)
  object space 86016K, 6% used [0x00000006c0a00000,0x00000006c0fcb190,0x00000006c5e00000)
 Metaspace       used 28705K, capacity 29912K, committed 30256K, reserved 1075200K
  class space    used 3759K, capacity 4020K, committed 4144K, reserved 1048576K
}
Event: 8.268 GC heap before
{Heap before GC invocations=8 (full 1):
 PSYoungGen      total 214016K, used 143164K [0x000000076ae00000, 0x0000000779c00000, 0x00000007c0000000)
  eden space 201728K, 65% used [0x000000076ae00000,0x0000000772f98ca0,0x0000000777300000)
  from space 12288K, 85% used [0x0000000778080000,0x0000000778ab6558,0x0000000778c80000)
  to   space 13824K, 0% used [0x0000000777300000,0x0000000777300000,0x0000000778080000)
 ParOldGen       total 86016K, used 5932K [0x00000006c0a00000, 0x00000006c5e00000, 0x000000076ae00000)
  object space 86016K, 6% used [0x00000006c0a00000,0x00000006c0fcb190,0x00000006c5e00000)
 Metaspace       used 33672K, capacity 35328K, committed 35496K, reserved 1079296K
  class space    used 4472K, capacity 4760K, committed 4784K, reserved 1048576K
Event: 8.281 GC heap after
Heap after GC invocations=8 (full 1):
 PSYoungGen      total 215552K, used 11247K [0x000000076ae00000, 0x0000000779c00000, 0x00000007c0000000)
  eden space 201728K, 0% used [0x000000076ae00000,0x000000076ae00000,0x0000000777300000)
  from space 13824K, 81% used [0x0000000777300000,0x0000000777dfbcc0,0x0000000778080000)
  to   space 12288K, 0% used [0x0000000778080000,0x0000000778080000,0x0000000778c80000)
 ParOldGen       total 86016K, used 5940K [0x00000006c0a00000, 0x00000006c5e00000, 0x000000076ae00000)
  object space 86016K, 6% used [0x00000006c0a00000,0x00000006c0fcd190,0x00000006c5e00000)
 Metaspace       used 33672K, capacity 35328K, committed 35496K, reserved 1079296K
  class space    used 4472K, capacity 4760K, committed 4784K, reserved 1048576K
}
Event: 8.281 GC heap before
{Heap before GC invocations=9 (full 2):
 PSYoungGen      total 215552K, used 11247K [0x000000076ae00000, 0x0000000779c00000, 0x00000007c0000000)
  eden space 201728K, 0% used [0x000000076ae00000,0x000000076ae00000,0x0000000777300000)
  from space 13824K, 81% used [0x0000000777300000,0x0000000777dfbcc0,0x0000000778080000)
  to   space 12288K, 0% used [0x0000000778080000,0x0000000778080000,0x0000000778c80000)
 ParOldGen       total 86016K, used 5940K [0x00000006c0a00000, 0x00000006c5e00000, 0x000000076ae00000)
  object space 86016K, 6% used [0x00000006c0a00000,0x00000006c0fcd190,0x00000006c5e00000)
 Metaspace       used 33672K, capacity 35328K, committed 35496K, reserved 1079296K
  class space    used 4472K, capacity 4760K, committed 4784K, reserved 1048576K
Event: 8.402 GC heap after
Heap after GC invocations=9 (full 2):
 PSYoungGen      total 215552K, used 0K [0x000000076ae00000, 0x0000000779c00000, 0x00000007c0000000)
  eden space 201728K, 0% used [0x000000076ae00000,0x000000076ae00000,0x0000000777300000)
  from space 13824K, 0% used [0x0000000777300000,0x0000000777300000,0x0000000778080000)
  to   space 12288K, 0% used [0x0000000778080000,0x0000000778080000,0x0000000778c80000)
 ParOldGen       total 146432K, used 15971K [0x00000006c0a00000, 0x00000006c9900000, 0x000000076ae00000)
  object space 146432K, 10% used [0x00000006c0a00000,0x00000006c1998ca8,0x00000006c9900000)
 Metaspace       used 33672K, capacity 35328K, committed 35496K, reserved 1079296K
  class space    used 4472K, capacity 4760K, committed 4784K, reserved 1048576K
}
Event: 14.858 GC heap before
{Heap before GC invocations=10 (full 2):
 PSYoungGen      total 215552K, used 201728K [0x000000076ae00000, 0x0000000779c00000, 0x00000007c0000000)
  eden space 201728K, 100% used [0x000000076ae00000,0x0000000777300000,0x0000000777300000)
  from space 13824K, 0% used [0x0000000777300000,0x0000000777300000,0x0000000778080000)
  to   space 12288K, 0% used [0x0000000778080000,0x0000000778080000,0x0000000778c80000)
 ParOldGen       total 146432K, used 15971K [0x00000006c0a00000, 0x00000006c9900000, 0x000000076ae00000)
  object space 146432K, 10% used [0x00000006c0a00000,0x00000006c1998ca8,0x00000006c9900000)
 Metaspace       used 43159K, capacity 45400K, committed 45608K, reserved 1089536K
  class space    used 5725K, capacity 6121K, committed 6192K, reserved 1048576K
Event: 14.868 GC heap after
Heap after GC invocations=10 (full 2):
 PSYoungGen      total 214016K, used 11790K [0x000000076ae00000, 0x0000000779c00000, 0x00000007c0000000)
  eden space 201728K, 0% used [0x000000076ae00000,0x000000076ae00000,0x0000000777300000)
  from space 12288K, 95% used [0x0000000778080000,0x0000000778c03928,0x0000000778c80000)
  to   space 13824K, 0% used [0x0000000777300000,0x0000000777300000,0x0000000778080000)
 ParOldGen       total 146432K, used 15979K [0x00000006c0a00000, 0x00000006c9900000, 0x000000076ae00000)
  object space 146432K, 10% used [0x00000006c0a00000,0x00000006c199aca8,0x00000006c9900000)
 Metaspace       used 43159K, capacity 45400K, committed 45608K, reserved 1089536K
  class space    used 5725K, capacity 6121K, committed 6192K, reserved 1048576K
}

Deoptimization events (0 events):
No events

Classes redefined (0 events):
No events

Internal exceptions (10 events):
Event: 220.014 Thread 0x00000000239a8000 Exception <a 'java/io/IOException'> (0x00000007704d5060) thrown at [C:\re\workspace\8-2-build-windows-amd64-cygwin\jdk8u191\11896\hotspot\src\share\vm\prims\jni.cpp, line 709]
Event: 220.014 Thread 0x0000000023be5000 Exception <a 'java/io/IOException'> (0x0000000774c4b4d0) thrown at [C:\re\workspace\8-2-build-windows-amd64-cygwin\jdk8u191\11896\hotspot\src\share\vm\prims\jni.cpp, line 709]
Event: 220.014 Thread 0x0000000023be0800 Exception <a 'java/io/IOException'> (0x0000000774adcbb0) thrown at [C:\re\workspace\8-2-build-windows-amd64-cygwin\jdk8u191\11896\hotspot\src\share\vm\prims\jni.cpp, line 709]
Event: 220.015 Thread 0x0000000023be6000 Exception <a 'java/io/IOException'> (0x0000000774f0e288) thrown at [C:\re\workspace\8-2-build-windows-amd64-cygwin\jdk8u191\11896\hotspot\src\share\vm\prims\jni.cpp, line 709]
Event: 220.007 Thread 0x0000000023be2000 Exception <a 'java/io/IOException'> (0x000000077052d628) thrown at [C:\re\workspace\8-2-build-windows-amd64-cygwin\jdk8u191\11896\hotspot\src\share\vm\prims\jni.cpp, line 709]
Event: 220.012 Thread 0x0000000023b99800 Exception <a 'java/io/IOException'> (0x00000007700e2da0) thrown at [C:\re\workspace\8-2-build-windows-amd64-cygwin\jdk8u191\11896\hotspot\src\share\vm\prims\jni.cpp, line 709]
Event: 220.016 Thread 0x0000000023be7800 Exception <a 'java/io/IOException'> (0x0000000774b28c68) thrown at [C:\re\workspace\8-2-build-windows-amd64-cygwin\jdk8u191\11896\hotspot\src\share\vm\prims\jni.cpp, line 709]
Event: 220.020 Thread 0x00000000239a8800 Exception <a 'java/io/IOException'> (0x00000007719530d8) thrown at [C:\re\workspace\8-2-build-windows-amd64-cygwin\jdk8u191\11896\hotspot\src\share\vm\prims\jni.cpp, line 709]
Event: 220.206 Thread 0x000000001f570800 Exception <a 'java/io/IOException'> (0x0000000771e0d740) thrown at [C:\re\workspace\8-2-build-windows-amd64-cygwin\jdk8u191\11896\hotspot\src\share\vm\prims\jni.cpp, line 709]
Event: 220.218 Thread 0x000000001f56e000 Exception <a 'java/io/IOException'> (0x0000000771da8948) thrown at [C:\re\workspace\8-2-build-windows-amd64-cygwin\jdk8u191\11896\hotspot\src\share\vm\prims\jni.cpp, line 709]

Events (10 events):
Event: 223.409 Thread 0x0000000020df4800 DEOPT UNPACKING pc=0x0000000002b57890 sp=0x0000000024f1e308 mode 1
Event: 223.409 Thread 0x0000000020df4800 DEOPT PACKING pc=0x00000000036952dc sp=0x0000000024f1e620
Event: 223.409 Thread 0x0000000020df4800 DEOPT UNPACKING pc=0x0000000002b57890 sp=0x0000000024f1e3b8 mode 1
Event: 223.411 Thread 0x0000000020df4800 DEOPT PACKING pc=0x000000000375a944 sp=0x0000000024f1e540
Event: 223.411 Thread 0x0000000020df4800 DEOPT UNPACKING pc=0x0000000002b57890 sp=0x0000000024f1e308 mode 1
Event: 223.411 Thread 0x0000000020df4800 DEOPT PACKING pc=0x00000000036952dc sp=0x0000000024f1e620
Event: 223.411 Thread 0x0000000020df4800 DEOPT UNPACKING pc=0x0000000002b57890 sp=0x0000000024f1e3b8 mode 1
Event: 223.412 Thread 0x0000000020df4800 DEOPT PACKING pc=0x000000000375a944 sp=0x0000000024f1e540
Event: 223.412 Thread 0x0000000020df4800 DEOPT UNPACKING pc=0x0000000002b57890 sp=0x0000000024f1e308 mode 1
Event: 223.412 Thread 0x0000000020df4800 DEOPT PACKING pc=0x00000000036952dc sp=0x0000000024f1e620


Dynamic libraries:
0x00007ff6e1c90000 - 0x00007ff6e1cc7000 	E:\Program Files\Java\jdk1.8.0_191\bin\java.exe
0x00007ffc82dd0000 - 0x00007ffc82fc5000 	C:\WINDOWS\SYSTEM32\ntdll.dll
0x00007ffc82cd0000 - 0x00007ffc82d8d000 	C:\WINDOWS\System32\KERNEL32.DLL
0x00007ffc80a70000 - 0x00007ffc80d39000 	C:\WINDOWS\System32\KERNELBASE.dll
0x00007ffc82120000 - 0x00007ffc821cc000 	C:\WINDOWS\System32\ADVAPI32.dll
0x00007ffc82c00000 - 0x00007ffc82c9e000 	C:\WINDOWS\System32\msvcrt.dll
0x00007ffc82080000 - 0x00007ffc8211c000 	C:\WINDOWS\System32\sechost.dll
0x00007ffc81f50000 - 0x00007ffc8207b000 	C:\WINDOWS\System32\RPCRT4.dll
0x00007ffc80f00000 - 0x00007ffc810a0000 	C:\WINDOWS\System32\USER32.dll
0x00007ffc80a40000 - 0x00007ffc80a62000 	C:\WINDOWS\System32\win32u.dll
0x00007ffc823d0000 - 0x00007ffc823fa000 	C:\WINDOWS\System32\GDI32.dll
0x00007ffc80880000 - 0x00007ffc8098b000 	C:\WINDOWS\System32\gdi32full.dll
0x00007ffc80d90000 - 0x00007ffc80e2d000 	C:\WINDOWS\System32\msvcp_win.dll
0x00007ffc80780000 - 0x00007ffc80880000 	C:\WINDOWS\System32\ucrtbase.dll
0x00007ffc68fe0000 - 0x00007ffc6927a000 	C:\WINDOWS\WinSxS\amd64_microsoft.windows.common-controls_6595b64144ccf1df_6.0.19041.844_none_ca00b6081b84eb1d\COMCTL32.dll
0x00007ffc82ca0000 - 0x00007ffc82cd0000 	C:\WINDOWS\System32\IMM32.DLL
0x0000000055880000 - 0x0000000055952000 	E:\Program Files\Java\jdk1.8.0_191\jre\bin\msvcr100.dll
0x0000000051a70000 - 0x0000000052314000 	E:\Program Files\Java\jdk1.8.0_191\jre\bin\server\jvm.dll
0x00007ffc813b0000 - 0x00007ffc813b8000 	C:\WINDOWS\System32\PSAPI.DLL
0x00007ffc6d420000 - 0x00007ffc6d429000 	C:\WINDOWS\SYSTEM32\WSOCK32.dll
0x00007ffc76880000 - 0x00007ffc768a7000 	C:\WINDOWS\SYSTEM32\WINMM.dll
0x00007ffc81dd0000 - 0x00007ffc81e3b000 	C:\WINDOWS\System32\WS2_32.dll
0x00007ffc7ffd0000 - 0x00007ffc7ffda000 	C:\WINDOWS\SYSTEM32\VERSION.dll
0x0000000055870000 - 0x000000005587f000 	E:\Program Files\Java\jdk1.8.0_191\jre\bin\verify.dll
0x0000000055840000 - 0x0000000055869000 	E:\Program Files\Java\jdk1.8.0_191\jre\bin\java.dll
0x00000000557e0000 - 0x0000000055815000 	E:\Program Files\Java\jdk1.8.0_191\jre\bin\jdwp.dll
0x00000000557d0000 - 0x00000000557d8000 	E:\Program Files\Java\jdk1.8.0_191\jre\bin\npt.dll
0x00000000557a0000 - 0x00000000557c3000 	E:\Program Files\Java\jdk1.8.0_191\jre\bin\instrument.dll
0x0000000055820000 - 0x0000000055836000 	E:\Program Files\Java\jdk1.8.0_191\jre\bin\zip.dll
0x00007ffc82400000 - 0x00007ffc82b42000 	C:\WINDOWS\System32\SHELL32.dll
0x00007ffc7e5e0000 - 0x00007ffc7ed70000 	C:\WINDOWS\SYSTEM32\windows.storage.dll
0x00007ffc813c0000 - 0x00007ffc81715000 	C:\WINDOWS\System32\combase.dll
0x00007ffc7fe40000 - 0x00007ffc7fe6c000 	C:\WINDOWS\SYSTEM32\Wldp.dll
0x00007ffc81e40000 - 0x00007ffc81eee000 	C:\WINDOWS\System32\SHCORE.dll
0x00007ffc81330000 - 0x00007ffc81385000 	C:\WINDOWS\System32\shlwapi.dll
0x00007ffc80450000 - 0x00007ffc8046f000 	C:\WINDOWS\SYSTEM32\profapi.dll
0x0000000055790000 - 0x0000000055799000 	E:\Program Files\Java\jdk1.8.0_191\jre\bin\dt_socket.dll
0x00007ffc7fc30000 - 0x00007ffc7fc9a000 	C:\WINDOWS\system32\mswsock.dll
0x0000000055770000 - 0x000000005578a000 	E:\Program Files\Java\jdk1.8.0_191\jre\bin\net.dll
0x00007ffc7f910000 - 0x00007ffc7f9db000 	C:\WINDOWS\SYSTEM32\DNSAPI.dll
0x00007ffc7f8d0000 - 0x00007ffc7f90b000 	C:\WINDOWS\SYSTEM32\IPHLPAPI.DLL
0x00007ffc81390000 - 0x00007ffc81398000 	C:\WINDOWS\System32\NSI.dll
0x00007ffc76910000 - 0x00007ffc7691a000 	C:\Windows\System32\rasadhlp.dll
0x00007ffc79120000 - 0x00007ffc7919f000 	C:\WINDOWS\System32\fwpuclnt.dll
0x00007ffc80750000 - 0x00007ffc80777000 	C:\WINDOWS\System32\bcrypt.dll
0x0000000055740000 - 0x000000005574d000 	E:\Program Files\Java\jdk1.8.0_191\jre\bin\management.dll
0x0000000055750000 - 0x0000000055761000 	E:\Program Files\Java\jdk1.8.0_191\jre\bin\nio.dll
0x00007ffc801c0000 - 0x00007ffc801d8000 	C:\WINDOWS\SYSTEM32\CRYPTSP.dll
0x00007ffc7f510000 - 0x00007ffc7f544000 	C:\WINDOWS\system32\rsaenh.dll
0x00007ffc80410000 - 0x00007ffc8043e000 	C:\WINDOWS\SYSTEM32\USERENV.dll
0x00007ffc806d0000 - 0x00007ffc80750000 	C:\WINDOWS\System32\bcryptprimitives.dll
0x00007ffc7fdb0000 - 0x00007ffc7fdbc000 	C:\WINDOWS\SYSTEM32\CRYPTBASE.dll
0x00007ffc79b30000 - 0x00007ffc79b47000 	C:\WINDOWS\SYSTEM32\dhcpcsvc6.DLL
0x00007ffc79af0000 - 0x00007ffc79b0d000 	C:\WINDOWS\SYSTEM32\dhcpcsvc.DLL
0x00007ffc6ba10000 - 0x00007ffc6ba27000 	C:\WINDOWS\system32\napinsp.dll
0x00007ffc6b9f0000 - 0x00007ffc6ba0b000 	C:\WINDOWS\system32\pnrpnsp.dll
0x00007ffc6aae0000 - 0x00007ffc6aaf5000 	C:\WINDOWS\system32\wshbth.dll
0x00007ffc7bda0000 - 0x00007ffc7bdbd000 	C:\WINDOWS\system32\NLAapi.dll
0x00007ffc6ab50000 - 0x00007ffc6ab62000 	C:\WINDOWS\System32\winrnr.dll
0x0000000055710000 - 0x0000000055734000 	E:\Program Files\Java\jdk1.8.0_191\jre\bin\sunec.dll
0x0000000055700000 - 0x000000005570b000 	E:\Program Files\Java\jdk1.8.0_191\jre\bin\sunmscapi.dll
0x00007ffc80510000 - 0x00007ffc8066f000 	C:\WINDOWS\System32\CRYPT32.dll

VM Arguments:
jvm_args: -agentlib:jdwp=transport=dt_socket,address=127.0.0.1:60503,suspend=y,server=n -Dvisualvm.id=180450969497100 -XX:TieredStopAtLevel=1 -Xverify:none -Dspring.output.ansi.enabled=always -Dcom.sun.management.jmxremote -Dspring.jmx.enabled=true -Dspring.liveBeansView.mbeanDomain -Dspring.application.admin.enabled=true -javaagent:C:\Users\Depp\.IntelliJIdea2019.3\system\captureAgent\debugger-agent.jar -Dfile.encoding=UTF-8 
java_command: com.example.tccstorageservice.TccStorageServiceApplication
java_class_path (initial): E:\Program Files\Java\jdk1.8.0_191\jre\lib\charsets.jar;E:\Program Files\Java\jdk1.8.0_191\jre\lib\deploy.jar;E:\Program Files\Java\jdk1.8.0_191\jre\lib\ext\access-bridge-64.jar;E:\Program Files\Java\jdk1.8.0_191\jre\lib\ext\cldrdata.jar;E:\Program Files\Java\jdk1.8.0_191\jre\lib\ext\dnsns.jar;E:\Program Files\Java\jdk1.8.0_191\jre\lib\ext\jaccess.jar;E:\Program Files\Java\jdk1.8.0_191\jre\lib\ext\jfxrt.jar;E:\Program Files\Java\jdk1.8.0_191\jre\lib\ext\localedata.jar;E:\Program Files\Java\jdk1.8.0_191\jre\lib\ext\nashorn.jar;E:\Program Files\Java\jdk1.8.0_191\jre\lib\ext\sunec.jar;E:\Program Files\Java\jdk1.8.0_191\jre\lib\ext\sunjce_provider.jar;E:\Program Files\Java\jdk1.8.0_191\jre\lib\ext\sunmscapi.jar;E:\Program Files\Java\jdk1.8.0_191\jre\lib\ext\sunpkcs11.jar;E:\Program Files\Java\jdk1.8.0_191\jre\lib\ext\zipfs.jar;E:\Program Files\Java\jdk1.8.0_191\jre\lib\javaws.jar;E:\Program Files\Java\jdk1.8.0_191\jre\lib\jce.jar;E:\Program Files\Java\jdk1.8.0_191\jre\lib\jfr.jar;E:\Program Files\Java\jdk1.8.0_191\jre\lib\jfxswt.jar;E:\Program Files\Java\jdk1.8.0_191\jre\lib\jsse.jar;E:\Program Files\Java\jdk1.8.0_191\jre\lib\management-agent.jar;E:\Program Files\Java\jdk1.8.0_191\jre\lib\plugin.jar;E:\Program Files\Java\jdk1.8.0_191\jre\lib\resources.jar;E:\Program Files\Java\jdk1.8.0_191\jre\lib\rt.jar;E:\new_workspace\springcloud-example\seata-tcc-example\tcc-storage-service\target\classes;E:\Program Files\.m2\repository\org\springframework\boot\spring-boot-starter\2.3.0.RELEASE\spring-boot-starter-2.3.0.RELEASE.jar;E:\Program Files\.m2\repository\org\springframework\boot\spring-boot\2.3.0.RELEASE\spring-boot-2.3.0.RELEASE.jar;E:\Program Files\.m2\repository\org\springframework\spring-context\5.2.6.RELEASE\spring-context-5.2.6.RELEASE.jar;E:\Program Files\.m2\repository\org\springframework\boot\spring-boot-autoconfigure\2.3.0.RELEASE\spring-boot-autoconfigure-2.3.0.RELEASE.jar;E:\Program Files\.m2\repository\org\springframework\boot\sprin
Launcher Type: SUN_STANDARD

Environment Variables:
JAVA_HOME=E:\Program Files\Java\jdk1.8.0_261
PATH=E:\Program Files\JetBrains\IntelliJ IDEA 2019.3.3\bin\;F:\app\Depp\product\11.2.0\dbhome_2\bin;F:\app\Depp\product\11.2.0\dbhome_1\bin;C:\oraclexe\app\oracle\product\11.2.0\server\bin;E:\Program Files\VanDyke Software\Clients\;C:\WINDOWS\system32;C:\WINDOWS;C:\WINDOWS\System32\Wbem;C:\WINDOWS\System32\WindowsPowerShell\v1.0\;E:\Program Files\Git\bin;E:\Program Files\apache-maven-3.5.4\bin;E:\Program Files\JetBrains\IntelliJ IDEA 2019.3.3\bin;E:\Program Files\Java\jdk1.8.0_261\bin;E:\Program Files\Git\cmd;C:\WINDOWS\System32\OpenSSH\;E:\tools\nexus-3.15.2-01-win64\nexus-3.15.2-01\bin;%ROCKET_HOME%\bin;C:\Program Files\MySQL\MySQL Shell 8.0\bin\;C:\Users\Depp\AppData\Local\Microsoft\WindowsApps;E:\Program Files\Fiddler;C:\Users\Depp\AppData\Local\GitHubDesktop\bin;C:\Users\Depp\AppData\Local\BypassRuntm;E:\Program Files\JetBrains\IntelliJ IDEA 2019.3.3\bin;;C:\Users\Depp\AppData\Local\Microsoft\WindowsApps;
USERNAME=Depp
OS=Windows_NT
PROCESSOR_IDENTIFIER=Intel64 Family 6 Model 60 Stepping 3, GenuineIntel



---------------  S Y S T E M  ---------------

OS: Windows 10.0 , 64 bit Build 19041 (10.0.19041.804)

CPU:total 8 (initial active 8) (4 cores per cpu, 2 threads per core) family 6 model 60 stepping 3, cmov, cx8, fxsr, mmx, sse, sse2, sse3, ssse3, sse4.1, sse4.2, popcnt, avx, avx2, aes, clmul, erms, lzcnt, ht, tsc, tscinvbit, bmi1, bmi2

Memory: 4k page, physical 16734584k(3886288k free), swap 27118032k(8k free)

vm_info: Java HotSpot(TM) 64-Bit Server VM (25.191-b12) for windows-amd64 JRE (1.8.0_191-b12), built on Oct  6 2018 09:29:03 by "java_re" with MS VC++ 10.0 (VS2010)

time: Thu Apr 01 16:41:48 2021
elapsed time: 223 seconds (0d 0h 3m 43s)

